<?xml version="1.0" encoding="UTF-8"?>
<testsuite xmlns:xsi="http://www.w3.org/2001/XMLSchema-instance" xsi:noNamespaceSchemaLocation="https://maven.apache.org/surefire/maven-surefire-plugin/xsd/surefire-test-report.xsd" name="vn.edu.vtc.dal.OrderDALTest" time="0.119" tests="6" errors="0" skipped="0" failures="0">
  <properties>
[...]
</properties>
  <testcase name="getByIdTest2" classname="vn.edu.vtc.dal.OrderDALTest" time="0"/>
  <testcase name="getByIdTest" classname="vn.edu.vtc.dal.OrderDALTest" time="0"/>
  <testcase name="createOrder" classname="vn.edu.vtc.dal.OrderDALTest" time="0.059"/>
  <testcase name="createOrder1" classname="vn.edu.vtc.dal.OrderDALTest" time="0"/>
  <testcase name="createOrder2" classname="vn.edu.vtc.dal.OrderDALTest" time="0.044"/>
  <testcase name="createOrder3" classname="vn.edu.vtc.dal.OrderDALTest" time="0"/>
</testsuite>