<?xml version="1.0" encoding="UTF-8"?>
<testsuite xmlns:xsi="http://www.w3.org/2001/XMLSchema-instance" xsi:noNamespaceSchemaLocation="https://maven.apache.org/surefire/maven-surefire-plugin/xsd/surefire-test-report.xsd" name="vn.edu.vtc.dal.AccountDALTest" time="0.879" tests="4" errors="0" skipped="0" failures="0">
  <properties>
[...]
</properties>
  <testcase name="getAccountTest1" classname="vn.edu.vtc.dal.AccountDALTest" time="0.773"/>
  <testcase name="getAccountTest2" classname="vn.edu.vtc.dal.AccountDALTest" time="0.033"/>
  <testcase name="getAccountTest3" classname="vn.edu.vtc.dal.AccountDALTest" time="0.03"/>
  <testcase name="getAccountTest4" classname="vn.edu.vtc.dal.AccountDALTest" time="0.036"/>
</testsuite>